<?xml version="1.0" encoding="UTF-8"?>
<!-- Generated by org.testng.reporters.JUnitReportReporter -->
<testsuite hostname="DESKTOP-QAFE254" failures="0" tests="1" name="Scripts.Test1" time="0.003" errors="0" timestamp="2022-10-12T14:21:33 IST" skipped="0">
  <testcase classname="Scripts.Test1" name="tc1" time="0.003"/>
  <system-out>
    <![CDATA[hello selenium]]>
  </system-out>
</testsuite> <!-- Scripts.Test1 -->
